initialising database
==================================================
Starting Round
==================================================
[DEAL] - 0 [5 - spades, 5 - diamonds]
[DEAL] - 1 [6 - spades, 2 - hearts]
[DEAL] - 2 [K - diamonds, 2 - diamonds]
[DEAL] - 3 [4 - hearts, 5 - clubs]
[DEAL] - 4 [7 - hearts, Q - spades]
[A] 0 | SMALL_BLIND - 125.0 
[TABLE CARDS] - []
[A] 2 | CALL - 250.0 
[A] 3 | FOLD - 0 
[A] 4 | CALL - 250.0 
[A] 0 | CALL - 125.0 
[A] 1 | CHECK - 0 
[TABLE CARDS] - [9 - clubs, 3 - spades, 5 - hearts]
[A] 2 | BET - 10 
[A] 4 | CALL - 10.0 
[A] 0 | CALL - 10.0 
[A] 1 | CALL - 10.0 
[TABLE CARDS] - [9 - clubs, 3 - spades, 5 - hearts, 8 - clubs]
[A] 2 | BET - 10 
[A] 4 | CALL - 10.0 
[A] 0 | CALL - 10.0 
[A] 1 | CALL - 10.0 
[TABLE CARDS] - [9 - clubs, 3 - spades, 5 - hearts, 8 - clubs, 7 - clubs]
[A] 2 | BET - 10 
[A] 4 | CALL - 10.0 
[A] 0 | CALL - 10.0 
[A] 1 | CALL - 10.0 
[ROUND RESULTS] - [9 - clubs, 3 - spades, 5 - hearts, 8 - clubs, 7 - clubs]
[ROUND RESULTS] - 1120.0
~x~ ROUND TERMINATED ~x~
[][][][][][][][][][][][][][][][][][][][][][][][][]
ROUND COMPLETE | player_name: Thomas - (0)
ROUND COMPLETE | bankroll: 2840.0
ROUND COMPLETE | results: (+1120.0) (-280.0)
ROUND COMPLETE | cards: [5 - spades, 5 - diamonds]
ROUND COMPLETE | final hand: [5 - hearts, 5 - spades, 5 - diamonds, 9 - clubs, 8 - clubs]
ROUND COMPLETE | hand value: HandValue.THREE_OF_A_KIND
[][][][][][][][][][][][][][][][][][][][][][][][][]

[][][][][][][][][][][][][][][][][][][][][][][][][]
ROUND COMPLETE | player_name: Tim - (1)
ROUND COMPLETE | bankroll: 1720.0
ROUND COMPLETE | results: (+0) (-280.0)
ROUND COMPLETE | cards: [6 - spades, 2 - hearts]
ROUND COMPLETE | final hand: [9 - clubs, 8 - clubs, 7 - clubs, 6 - spades, 5 - hearts]
ROUND COMPLETE | hand value: HandValue.HIGH_CARD
[][][][][][][][][][][][][][][][][][][][][][][][][]

[][][][][][][][][][][][][][][][][][][][][][][][][]
ROUND COMPLETE | player_name: Colm - (2)
ROUND COMPLETE | bankroll: 720.0
ROUND COMPLETE | results: (+0) (-280.0)
ROUND COMPLETE | cards: [K - diamonds, 2 - diamonds]
ROUND COMPLETE | final hand: [K - diamonds, 9 - clubs, 8 - clubs, 7 - clubs, 5 - hearts]
ROUND COMPLETE | hand value: HandValue.HIGH_CARD
[][][][][][][][][][][][][][][][][][][][][][][][][]

[][][][][][][][][][][][][][][][][][][][][][][][][]
ROUND COMPLETE | player_name: Cooke - (3)
ROUND COMPLETE | bankroll: 1000
ROUND COMPLETE | results: (+0) (-0)
ROUND COMPLETE | cards: [4 - hearts, 5 - clubs]
ROUND COMPLETE | final hand: [5 - hearts, 5 - clubs, 9 - clubs, 8 - clubs, 7 - clubs]
ROUND COMPLETE | hand value: HandValue.ONE_PAIR
[][][][][][][][][][][][][][][][][][][][][][][][][]

[][][][][][][][][][][][][][][][][][][][][][][][][]
ROUND COMPLETE | player_name: Conall - (4)
ROUND COMPLETE | bankroll: 220.0
ROUND COMPLETE | results: (+0) (-280.0)
ROUND COMPLETE | cards: [7 - hearts, Q - spades]
ROUND COMPLETE | final hand: [7 - clubs, 7 - hearts, Q - spades, 9 - clubs, 8 - clubs]
ROUND COMPLETE | hand value: HandValue.ONE_PAIR
[][][][][][][][][][][][][][][][][][][][][][][][][]

==================================================
Starting Round
==================================================
[DEAL] - 0 [4 - clubs, Q - diamonds]
[DEAL] - 1 [3 - spades, 7 - spades]
[DEAL] - 2 [8 - spades, 7 - hearts]
[DEAL] - 3 [K - clubs, 8 - diamonds]
[DEAL] - 4 [6 - clubs, K - hearts]
[A] 1 | SMALL_BLIND - 125.0 
[TABLE CARDS] - []
[A] 3 | FOLD - 0 
[A] 4 | CALL - 220.0 ~A~
[A] 0 | CALL - 250.0 
[A] 1 | CALL - 125.0 
[A] 2 | BET - 10 
[A] 0 | CALL - 10.0 
[A] 1 | CALL - 10.0 
[TABLE CARDS] - [K - diamonds, 6 - diamonds, Q - spades]
[A] 2 | BET - 10 
[A] 0 | CALL - 10.0 
[A] 1 | CALL - 10.0 
[TABLE CARDS] - [K - diamonds, 6 - diamonds, Q - spades, A - diamonds]
[A] 2 | BET - 10 
[A] 0 | CALL - 10.0 
[A] 1 | CALL - 10.0 
[TABLE CARDS] - [K - diamonds, 6 - diamonds, Q - spades, A - diamonds, 2 - clubs]
[A] 2 | BET - 10 
[A] 0 | CALL - 10.0 
[A] 1 | CALL - 10.0 
[ROUND RESULTS] - [K - diamonds, 6 - diamonds, Q - spades, A - diamonds, 2 - clubs]
[ROUND RESULTS] - 1090.0
~x~ ROUND TERMINATED ~x~
[][][][][][][][][][][][][][][][][][][][][][][][][]
ROUND COMPLETE | player_name: Thomas - (0)
ROUND COMPLETE | bankroll: 2640.0
ROUND COMPLETE | results: (+90.0) (-290.0)
ROUND COMPLETE | cards: [4 - clubs, Q - diamonds]
ROUND COMPLETE | final hand: [Q - spades, Q - diamonds, A - diamonds, K - diamonds, 6 - diamonds]
ROUND COMPLETE | hand value: HandValue.ONE_PAIR
[][][][][][][][][][][][][][][][][][][][][][][][][]

[][][][][][][][][][][][][][][][][][][][][][][][][]
ROUND COMPLETE | player_name: Tim - (1)
ROUND COMPLETE | bankroll: 1430.0
ROUND COMPLETE | results: (+0) (-290.0)
ROUND COMPLETE | cards: [3 - spades, 7 - spades]
ROUND COMPLETE | final hand: [A - diamonds, K - diamonds, Q - spades, 7 - spades, 6 - diamonds]
ROUND COMPLETE | hand value: HandValue.HIGH_CARD
[][][][][][][][][][][][][][][][][][][][][][][][][]

[][][][][][][][][][][][][][][][][][][][][][][][][]
ROUND COMPLETE | player_name: Colm - (2)
ROUND COMPLETE | bankroll: 430.0
ROUND COMPLETE | results: (+0) (-290.0)
ROUND COMPLETE | cards: [8 - spades, 7 - hearts]
ROUND COMPLETE | final hand: [A - diamonds, K - diamonds, Q - spades, 8 - spades, 7 - hearts]
ROUND COMPLETE | hand value: HandValue.HIGH_CARD
[][][][][][][][][][][][][][][][][][][][][][][][][]

[][][][][][][][][][][][][][][][][][][][][][][][][]
ROUND COMPLETE | player_name: Cooke - (3)
ROUND COMPLETE | bankroll: 1000
ROUND COMPLETE | results: (+0) (-0)
ROUND COMPLETE | cards: [K - clubs, 8 - diamonds]
ROUND COMPLETE | final hand: [K - diamonds, K - clubs, A - diamonds, Q - spades, 8 - diamonds]
ROUND COMPLETE | hand value: HandValue.ONE_PAIR
[][][][][][][][][][][][][][][][][][][][][][][][][]

[][][][][][][][][][][][][][][][][][][][][][][][][]
ROUND COMPLETE | player_name: Conall - (4)
ROUND COMPLETE | bankroll: 1120.0
ROUND COMPLETE | results: (+1120.0) (-260.0)
ROUND COMPLETE | cards: [6 - clubs, K - hearts]
ROUND COMPLETE | final hand: [6 - diamonds, K - diamonds, 6 - clubs, K - hearts, A - diamonds]
ROUND COMPLETE | hand value: HandValue.TWO_PAIR
[][][][][][][][][][][][][][][][][][][][][][][][][]

==================================================
Starting Round
==================================================
[DEAL] - 0 [8 - spades, 7 - clubs]
[DEAL] - 1 [Q - diamonds, 2 - spades]
[DEAL] - 2 [3 - clubs, 3 - diamonds]
[DEAL] - 3 [Q - spades, 6 - clubs]
[DEAL] - 4 [9 - diamonds, 10 - diamonds]
[A] 2 | SMALL_BLIND - 125.0 
[TABLE CARDS] - []
[A] 4 | CALL - 250.0 
[A] 0 | CALL - 250.0 
[A] 1 | CALL - 250.0 
[A] 2 | CALL - 125.0 
[A] 3 | FOLD - 0 
[TABLE CARDS] - [2 - hearts, 5 - diamonds, 7 - hearts]
[A] 4 | CHECK - 0 
[A] 0 | CHECK - 0 
[A] 1 | CHECK - 0 
[A] 2 | BET - 10 
[A] 4 | CALL - 10.0 
[A] 0 | CALL - 10.0 
[A] 1 | CALL - 10.0 
[TABLE CARDS] - [2 - hearts, 5 - diamonds, 7 - hearts, 6 - spades]
[A] 2 | BET - 10 
[A] 4 | CALL - 10.0 
[A] 0 | CALL - 10.0 
[A] 1 | CALL - 10.0 
[TABLE CARDS] - [2 - hearts, 5 - diamonds, 7 - hearts, 6 - spades, A - clubs]
[A] 2 | BET - 10 
[A] 4 | CALL - 10.0 
[A] 0 | CALL - 10.0 
[A] 1 | CALL - 10.0 
[ROUND RESULTS] - [2 - hearts, 5 - diamonds, 7 - hearts, 6 - spades, A - clubs]
[ROUND RESULTS] - 1370.0
~x~ ROUND TERMINATED ~x~
[][][][][][][][][][][][][][][][][][][][][][][][][]
ROUND COMPLETE | player_name: Thomas - (0)
ROUND COMPLETE | bankroll: 3480.0
ROUND COMPLETE | results: (+1120.0) (-280.0)
ROUND COMPLETE | cards: [8 - spades, 7 - clubs]
ROUND COMPLETE | final hand: [7 - hearts, 7 - clubs, A - clubs, 8 - spades, 6 - spades]
ROUND COMPLETE | hand value: HandValue.ONE_PAIR
[][][][][][][][][][][][][][][][][][][][][][][][][]

[][][][][][][][][][][][][][][][][][][][][][][][][]
ROUND COMPLETE | player_name: Tim - (1)
ROUND COMPLETE | bankroll: 1150.0
ROUND COMPLETE | results: (+0) (-280.0)
ROUND COMPLETE | cards: [Q - diamonds, 2 - spades]
ROUND COMPLETE | final hand: [2 - hearts, 2 - spades, A - clubs, Q - diamonds, 7 - hearts]
ROUND COMPLETE | hand value: HandValue.ONE_PAIR
[][][][][][][][][][][][][][][][][][][][][][][][][]

[][][][][][][][][][][][][][][][][][][][][][][][][]
ROUND COMPLETE | player_name: Colm - (2)
ROUND COMPLETE | bankroll: 150.0
ROUND COMPLETE | results: (+0) (-280.0)
ROUND COMPLETE | cards: [3 - clubs, 3 - diamonds]
ROUND COMPLETE | final hand: [3 - clubs, 3 - diamonds, A - clubs, 7 - hearts, 6 - spades]
ROUND COMPLETE | hand value: HandValue.ONE_PAIR
[][][][][][][][][][][][][][][][][][][][][][][][][]

[][][][][][][][][][][][][][][][][][][][][][][][][]
ROUND COMPLETE | player_name: Cooke - (3)
ROUND COMPLETE | bankroll: 750
ROUND COMPLETE | results: (+0) (-0)
ROUND COMPLETE | cards: [Q - spades, 6 - clubs]
ROUND COMPLETE | final hand: [6 - spades, 6 - clubs, A - clubs, Q - spades, 7 - hearts]
ROUND COMPLETE | hand value: HandValue.ONE_PAIR
[][][][][][][][][][][][][][][][][][][][][][][][][]

[][][][][][][][][][][][][][][][][][][][][][][][][]
ROUND COMPLETE | player_name: Conall - (4)
ROUND COMPLETE | bankroll: 840.0
ROUND COMPLETE | results: (+0) (-280.0)
ROUND COMPLETE | cards: [9 - diamonds, 10 - diamonds]
ROUND COMPLETE | final hand: [A - clubs, 10 - diamonds, 9 - diamonds, 7 - hearts, 6 - spades]
ROUND COMPLETE | hand value: HandValue.HIGH_CARD
[][][][][][][][][][][][][][][][][][][][][][][][][]

==================================================
Starting Round
==================================================
[DEAL] - 0 [4 - hearts, A - diamonds]
[DEAL] - 1 [K - clubs, 5 - hearts]
[DEAL] - 2 [10 - spades, J - hearts]
[DEAL] - 3 [5 - diamonds, 3 - spades]
[DEAL] - 4 [K - hearts, 8 - hearts]
[A] 3 | SMALL_BLIND - 125.0 
[TABLE CARDS] - []
[A] 0 | CALL - 250.0 
[A] 1 | CALL - 250.0 
[A] 2 | CALL - 150.0 ~A~
[A] 3 | FOLD - 0 
[A] 4 | CHECK - 0 
[TABLE CARDS] - [10 - hearts, 5 - clubs, J - clubs]
[A] 0 | CHECK - 0 
[A] 1 | CHECK - 0 
[A] 4 | CHECK - 0 
[TABLE CARDS] - [10 - hearts, 5 - clubs, J - clubs, Q - diamonds]
[A] 0 | CHECK - 0 
[A] 1 | CHECK - 0 
[A] 4 | CHECK - 0 
[TABLE CARDS] - [10 - hearts, 5 - clubs, J - clubs, Q - diamonds, 2 - clubs]
[A] 0 | CHECK - 0 
[A] 1 | CHECK - 0 
[A] 4 | CHECK - 0 
[ROUND RESULTS] - [10 - hearts, 5 - clubs, J - clubs, Q - diamonds, 2 - clubs]
[ROUND RESULTS] - 1025.0
~x~ ROUND TERMINATED ~x~
[][][][][][][][][][][][][][][][][][][][][][][][][]
ROUND COMPLETE | player_name: Thomas - (0)
ROUND COMPLETE | bankroll: 3230.0
ROUND COMPLETE | results: (+0) (-250.0)
ROUND COMPLETE | cards: [4 - hearts, A - diamonds]
ROUND COMPLETE | final hand: [A - diamonds, Q - diamonds, J - clubs, 10 - hearts, 5 - clubs]
ROUND COMPLETE | hand value: HandValue.HIGH_CARD
[][][][][][][][][][][][][][][][][][][][][][][][][]

[][][][][][][][][][][][][][][][][][][][][][][][][]
ROUND COMPLETE | player_name: Tim - (1)
ROUND COMPLETE | bankroll: 900.0
ROUND COMPLETE | results: (+0) (-250.0)
ROUND COMPLETE | cards: [K - clubs, 5 - hearts]
ROUND COMPLETE | final hand: [5 - clubs, 5 - hearts, K - clubs, Q - diamonds, J - clubs]
ROUND COMPLETE | hand value: HandValue.ONE_PAIR
[][][][][][][][][][][][][][][][][][][][][][][][][]

[][][][][][][][][][][][][][][][][][][][][][][][][]
ROUND COMPLETE | player_name: Colm - (2)
ROUND COMPLETE | bankroll: 1200.0
ROUND COMPLETE | results: (+1200.0) (-250.0)
ROUND COMPLETE | cards: [10 - spades, J - hearts]
ROUND COMPLETE | final hand: [10 - hearts, J - clubs, 10 - spades, J - hearts, Q - diamonds]
ROUND COMPLETE | hand value: HandValue.TWO_PAIR
[][][][][][][][][][][][][][][][][][][][][][][][][]

[][][][][][][][][][][][][][][][][][][][][][][][][]
ROUND COMPLETE | player_name: Cooke - (3)
ROUND COMPLETE | bankroll: 625.0
ROUND COMPLETE | results: (+0) (-0)
ROUND COMPLETE | cards: [5 - diamonds, 3 - spades]
ROUND COMPLETE | final hand: [5 - clubs, 5 - diamonds, Q - diamonds, J - clubs, 10 - hearts]
ROUND COMPLETE | hand value: HandValue.ONE_PAIR
[][][][][][][][][][][][][][][][][][][][][][][][][]

[][][][][][][][][][][][][][][][][][][][][][][][][]
ROUND COMPLETE | player_name: Conall - (4)
ROUND COMPLETE | bankroll: 590.0
ROUND COMPLETE | results: (+0) (-250.0)
ROUND COMPLETE | cards: [K - hearts, 8 - hearts]
ROUND COMPLETE | final hand: [K - hearts, Q - diamonds, J - clubs, 10 - hearts, 8 - hearts]
ROUND COMPLETE | hand value: HandValue.HIGH_CARD
[][][][][][][][][][][][][][][][][][][][][][][][][]

==================================================
Starting Round
==================================================
[DEAL] - 0 [Q - spades, J - clubs]
[DEAL] - 1 [2 - diamonds, 5 - hearts]
[DEAL] - 2 [8 - clubs, 3 - hearts]
[DEAL] - 3 [6 - diamonds, 3 - spades]
[DEAL] - 4 [9 - hearts, K - clubs]
[A] 4 | SMALL_BLIND - 125.0 
[TABLE CARDS] - []
[A] 1 | CALL - 250.0 
[A] 2 | CALL - 250.0 
[A] 3 | FOLD - 0 
[A] 4 | CALL - 125.0 
[A] 0 | CHECK - 0 
[TABLE CARDS] - [7 - hearts, 2 - clubs, 6 - hearts]
[A] 1 | CHECK - 0 
[A] 2 | BET - 10 
[A] 4 | CALL - 10.0 
[A] 0 | CALL - 10.0 
[A] 1 | CALL - 10.0 
[TABLE CARDS] - [7 - hearts, 2 - clubs, 6 - hearts, 2 - spades]
[A] 2 | BET - 10 
[A] 4 | CALL - 10.0 
[A] 0 | CALL - 10.0 
[A] 1 | CALL - 10.0 
[TABLE CARDS] - [7 - hearts, 2 - clubs, 6 - hearts, 2 - spades, J - hearts]
[A] 2 | BET - 10 
[A] 4 | CALL - 10.0 
[A] 0 | CALL - 10.0 
[A] 1 | CALL - 10.0 
[ROUND RESULTS] - [7 - hearts, 2 - clubs, 6 - hearts, 2 - spades, J - hearts]
[ROUND RESULTS] - 1120.0
~x~ ROUND TERMINATED ~x~
[][][][][][][][][][][][][][][][][][][][][][][][][]
ROUND COMPLETE | player_name: Thomas - (0)
ROUND COMPLETE | bankroll: 2950.0
ROUND COMPLETE | results: (+0) (-280.0)
ROUND COMPLETE | cards: [Q - spades, J - clubs]
ROUND COMPLETE | final hand: [J - hearts, 2 - clubs, 2 - spades, J - clubs, Q - spades]
ROUND COMPLETE | hand value: HandValue.TWO_PAIR
[][][][][][][][][][][][][][][][][][][][][][][][][]

[][][][][][][][][][][][][][][][][][][][][][][][][]
ROUND COMPLETE | player_name: Tim - (1)
ROUND COMPLETE | bankroll: 1740.0
ROUND COMPLETE | results: (+1120.0) (-280.0)
ROUND COMPLETE | cards: [2 - diamonds, 5 - hearts]
ROUND COMPLETE | final hand: [2 - clubs, 2 - spades, 2 - diamonds, J - hearts, 7 - hearts]
ROUND COMPLETE | hand value: HandValue.THREE_OF_A_KIND
[][][][][][][][][][][][][][][][][][][][][][][][][]

[][][][][][][][][][][][][][][][][][][][][][][][][]
ROUND COMPLETE | player_name: Colm - (2)
ROUND COMPLETE | bankroll: 920.0
ROUND COMPLETE | results: (+0) (-280.0)
ROUND COMPLETE | cards: [8 - clubs, 3 - hearts]
ROUND COMPLETE | final hand: [2 - clubs, 2 - spades, J - hearts, 8 - clubs, 7 - hearts]
ROUND COMPLETE | hand value: HandValue.ONE_PAIR
[][][][][][][][][][][][][][][][][][][][][][][][][]

[][][][][][][][][][][][][][][][][][][][][][][][][]
ROUND COMPLETE | player_name: Cooke - (3)
ROUND COMPLETE | bankroll: 625.0
ROUND COMPLETE | results: (+0) (-0)
ROUND COMPLETE | cards: [6 - diamonds, 3 - spades]
ROUND COMPLETE | final hand: [2 - clubs, 6 - hearts, 2 - spades, 6 - diamonds, J - hearts]
ROUND COMPLETE | hand value: HandValue.TWO_PAIR
[][][][][][][][][][][][][][][][][][][][][][][][][]

[][][][][][][][][][][][][][][][][][][][][][][][][]
ROUND COMPLETE | player_name: Conall - (4)
ROUND COMPLETE | bankroll: 310.0
ROUND COMPLETE | results: (+0) (-280.0)
ROUND COMPLETE | cards: [9 - hearts, K - clubs]
ROUND COMPLETE | final hand: [2 - clubs, 2 - spades, K - clubs, J - hearts, 9 - hearts]
ROUND COMPLETE | hand value: HandValue.ONE_PAIR
[][][][][][][][][][][][][][][][][][][][][][][][][]

==================================================
Starting Round
==================================================
[DEAL] - 0 [10 - spades, A - clubs]
[DEAL] - 1 [6 - diamonds, 7 - diamonds]
[DEAL] - 2 [6 - spades, 3 - hearts]
[DEAL] - 3 [8 - hearts, 2 - clubs]
[DEAL] - 4 [10 - diamonds, 3 - diamonds]
[A] 0 | SMALL_BLIND - 125.0 
[TABLE CARDS] - []
[A] 2 | CALL - 250.0 
[A] 3 | FOLD - 0 
[A] 4 | CALL - 250.0 
[A] 0 | CALL - 125.0 
[A] 1 | CHECK - 0 
[TABLE CARDS] - [7 - clubs, 7 - spades, 4 - clubs]
[A] 2 | BET - 10 
[A] 4 | CALL - 10.0 
[A] 0 | CALL - 10.0 
[A] 1 | CALL - 10.0 
[TABLE CARDS] - [7 - clubs, 7 - spades, 4 - clubs, 5 - diamonds]
[A] 2 | BET - 10 
[A] 4 | CALL - 10.0 
[A] 0 | CALL - 10.0 
[A] 1 | CALL - 10.0 
[TABLE CARDS] - [7 - clubs, 7 - spades, 4 - clubs, 5 - diamonds, K - diamonds]
[A] 2 | BET - 10 
[A] 4 | CALL - 10.0 
[A] 0 | CALL - 10.0 
[A] 1 | CALL - 10.0 
[ROUND RESULTS] - [7 - clubs, 7 - spades, 4 - clubs, 5 - diamonds, K - diamonds]
[ROUND RESULTS] - 1120.0
~x~ ROUND TERMINATED ~x~
[][][][][][][][][][][][][][][][][][][][][][][][][]
ROUND COMPLETE | player_name: Thomas - (0)
ROUND COMPLETE | bankroll: 2670.0
ROUND COMPLETE | results: (+0) (-280.0)
ROUND COMPLETE | cards: [10 - spades, A - clubs]
ROUND COMPLETE | final hand: [7 - clubs, 7 - spades, A - clubs, K - diamonds, 10 - spades]
ROUND COMPLETE | hand value: HandValue.ONE_PAIR
[][][][][][][][][][][][][][][][][][][][][][][][][]

[][][][][][][][][][][][][][][][][][][][][][][][][]
ROUND COMPLETE | player_name: Tim - (1)
ROUND COMPLETE | bankroll: 2580.0
ROUND COMPLETE | results: (+1120.0) (-280.0)
ROUND COMPLETE | cards: [6 - diamonds, 7 - diamonds]
ROUND COMPLETE | final hand: [7 - clubs, 7 - spades, 7 - diamonds, K - diamonds, 6 - diamonds]
ROUND COMPLETE | hand value: HandValue.THREE_OF_A_KIND
[][][][][][][][][][][][][][][][][][][][][][][][][]

[][][][][][][][][][][][][][][][][][][][][][][][][]
ROUND COMPLETE | player_name: Colm - (2)
ROUND COMPLETE | bankroll: 640.0
ROUND COMPLETE | results: (+0) (-280.0)
ROUND COMPLETE | cards: [6 - spades, 3 - hearts]
ROUND COMPLETE | final hand: [7 - clubs, 7 - spades, K - diamonds, 6 - spades, 5 - diamonds]
ROUND COMPLETE | hand value: HandValue.ONE_PAIR
[][][][][][][][][][][][][][][][][][][][][][][][][]

[][][][][][][][][][][][][][][][][][][][][][][][][]
ROUND COMPLETE | player_name: Cooke - (3)
ROUND COMPLETE | bankroll: 625.0
ROUND COMPLETE | results: (+0) (-0)
ROUND COMPLETE | cards: [8 - hearts, 2 - clubs]
ROUND COMPLETE | final hand: [7 - clubs, 7 - spades, K - diamonds, 8 - hearts, 5 - diamonds]
ROUND COMPLETE | hand value: HandValue.ONE_PAIR
[][][][][][][][][][][][][][][][][][][][][][][][][]

[][][][][][][][][][][][][][][][][][][][][][][][][]
ROUND COMPLETE | player_name: Conall - (4)
ROUND COMPLETE | bankroll: 30.0
ROUND COMPLETE | results: (+0) (-280.0)
ROUND COMPLETE | cards: [10 - diamonds, 3 - diamonds]
ROUND COMPLETE | final hand: [7 - clubs, 7 - spades, K - diamonds, 10 - diamonds, 5 - diamonds]
ROUND COMPLETE | hand value: HandValue.ONE_PAIR
[][][][][][][][][][][][][][][][][][][][][][][][][]

==================================================
Starting Round
==================================================
[DEAL] - 0 [8 - diamonds, 2 - hearts]
[DEAL] - 1 [3 - diamonds, 7 - hearts]
[DEAL] - 2 [4 - spades, 9 - hearts]
[DEAL] - 3 [A - spades, 8 - spades]
[DEAL] - 4 [3 - hearts, 9 - spades]
[A] 1 | SMALL_BLIND - 125.0 
[TABLE CARDS] - []
[A] 3 | FOLD - 0 
[A] 4 | CALL - 30.0 ~A~
[A] 0 | CALL - 250.0 
[A] 1 | CALL - 125.0 
[A] 2 | BET - 10 
[A] 0 | CALL - 10.0 
[A] 1 | CALL - 10.0 
[TABLE CARDS] - [7 - spades, K - hearts, Q - clubs]
[A] 2 | BET - 10 
[A] 0 | CALL - 10.0 
[A] 1 | CALL - 10.0 
[TABLE CARDS] - [7 - spades, K - hearts, Q - clubs, Q - spades]
[A] 2 | BET - 10 
[A] 0 | CALL - 10.0 
[A] 1 | CALL - 10.0 
[TABLE CARDS] - [7 - spades, K - hearts, Q - clubs, Q - spades, 4 - clubs]
[A] 2 | BET - 10 
[A] 0 | CALL - 10.0 
[A] 1 | CALL - 10.0 
[ROUND RESULTS] - [7 - spades, K - hearts, Q - clubs, Q - spades, 4 - clubs]
[ROUND RESULTS] - 900.0
~x~ ROUND TERMINATED ~x~
[][][][][][][][][][][][][][][][][][][][][][][][][]
ROUND COMPLETE | player_name: Thomas - (0)
ROUND COMPLETE | bankroll: 2380.0
ROUND COMPLETE | results: (+0) (-290.0)
ROUND COMPLETE | cards: [8 - diamonds, 2 - hearts]
ROUND COMPLETE | final hand: [Q - spades, Q - clubs, K - hearts, 8 - diamonds, 7 - spades]
ROUND COMPLETE | hand value: HandValue.ONE_PAIR
[][][][][][][][][][][][][][][][][][][][][][][][][]

[][][][][][][][][][][][][][][][][][][][][][][][][]
ROUND COMPLETE | player_name: Tim - (1)
ROUND COMPLETE | bankroll: 3880.0
ROUND COMPLETE | results: (+1590.0) (-290.0)
ROUND COMPLETE | cards: [3 - diamonds, 7 - hearts]
ROUND COMPLETE | final hand: [Q - spades, Q - clubs, 7 - spades, 7 - hearts, K - hearts]
ROUND COMPLETE | hand value: HandValue.TWO_PAIR
[][][][][][][][][][][][][][][][][][][][][][][][][]

[][][][][][][][][][][][][][][][][][][][][][][][][]
ROUND COMPLETE | player_name: Colm - (2)
ROUND COMPLETE | bankroll: 350.0
ROUND COMPLETE | results: (+0) (-290.0)
ROUND COMPLETE | cards: [4 - spades, 9 - hearts]
ROUND COMPLETE | final hand: [Q - spades, 4 - clubs, Q - clubs, 4 - spades, K - hearts]
ROUND COMPLETE | hand value: HandValue.TWO_PAIR
[][][][][][][][][][][][][][][][][][][][][][][][][]

[][][][][][][][][][][][][][][][][][][][][][][][][]
ROUND COMPLETE | player_name: Cooke - (3)
ROUND COMPLETE | bankroll: 625.0
ROUND COMPLETE | results: (+0) (-0)
ROUND COMPLETE | cards: [A - spades, 8 - spades]
ROUND COMPLETE | final hand: [Q - spades, Q - clubs, A - spades, K - hearts, 8 - spades]
ROUND COMPLETE | hand value: HandValue.ONE_PAIR
[][][][][][][][][][][][][][][][][][][][][][][][][]

[][][][][][][][][][][][][][][][][][][][][][][][][]
ROUND COMPLETE | player_name: Conall - (4)
ROUND COMPLETE | bankroll: 0
ROUND COMPLETE | results: (+0) (-30.0)
ROUND COMPLETE | cards: [3 - hearts, 9 - spades]
ROUND COMPLETE | final hand: [Q - spades, Q - clubs, K - hearts, 9 - spades, 7 - spades]
ROUND COMPLETE | hand value: HandValue.ONE_PAIR
[][][][][][][][][][][][][][][][][][][][][][][][][]

PLAYER ELIMINATED: 4
==================================================
Starting Round
==================================================
[DEAL] - 0 [3 - hearts, 7 - hearts]
[DEAL] - 1 [5 - diamonds, 3 - diamonds]
[DEAL] - 2 [9 - hearts, Q - clubs]
[DEAL] - 3 [8 - clubs, J - hearts]
[A] 2 | SMALL_BLIND - 125.0 
[TABLE CARDS] - []
[A] 0 | CALL - 250.0 
[A] 1 | CALL - 250.0 
[A] 2 | CALL - 125.0 
[A] 3 | FOLD - 0 
[TABLE CARDS] - [K - diamonds, K - spades, Q - spades]
[A] 0 | CHECK - 0 
[A] 1 | CHECK - 0 
[A] 2 | BET - 10 
[A] 0 | CALL - 10.0 
[A] 1 | CALL - 10.0 
[TABLE CARDS] - [K - diamonds, K - spades, Q - spades, 2 - spades]
[A] 2 | BET - 10 
[A] 0 | CALL - 10.0 
[A] 1 | CALL - 10.0 
[TABLE CARDS] - [K - diamonds, K - spades, Q - spades, 2 - spades, 6 - diamonds]
[A] 2 | BET - 10 
[A] 0 | CALL - 10.0 
[A] 1 | CALL - 10.0 
[ROUND RESULTS] - [K - diamonds, K - spades, Q - spades, 2 - spades, 6 - diamonds]
[ROUND RESULTS] - 1090.0
~x~ ROUND TERMINATED ~x~
[][][][][][][][][][][][][][][][][][][][][][][][][]
ROUND COMPLETE | player_name: Thomas - (0)
ROUND COMPLETE | bankroll: 2100.0
ROUND COMPLETE | results: (+0) (-280.0)
ROUND COMPLETE | cards: [3 - hearts, 7 - hearts]
ROUND COMPLETE | final hand: [K - spades, K - diamonds, Q - spades, 7 - hearts, 6 - diamonds]
ROUND COMPLETE | hand value: HandValue.ONE_PAIR
[][][][][][][][][][][][][][][][][][][][][][][][][]

[][][][][][][][][][][][][][][][][][][][][][][][][]
ROUND COMPLETE | player_name: Tim - (1)
ROUND COMPLETE | bankroll: 3600.0
ROUND COMPLETE | results: (+0) (-280.0)
ROUND COMPLETE | cards: [5 - diamonds, 3 - diamonds]
ROUND COMPLETE | final hand: [K - spades, K - diamonds, Q - spades, 6 - diamonds, 5 - diamonds]
ROUND COMPLETE | hand value: HandValue.ONE_PAIR
[][][][][][][][][][][][][][][][][][][][][][][][][]

[][][][][][][][][][][][][][][][][][][][][][][][][]
ROUND COMPLETE | player_name: Colm - (2)
ROUND COMPLETE | bankroll: 910.0
ROUND COMPLETE | results: (+840.0) (-280.0)
ROUND COMPLETE | cards: [9 - hearts, Q - clubs]
ROUND COMPLETE | final hand: [K - spades, K - diamonds, Q - spades, Q - clubs, 9 - hearts]
ROUND COMPLETE | hand value: HandValue.TWO_PAIR
[][][][][][][][][][][][][][][][][][][][][][][][][]

[][][][][][][][][][][][][][][][][][][][][][][][][]
ROUND COMPLETE | player_name: Cooke - (3)
ROUND COMPLETE | bankroll: 375.0
ROUND COMPLETE | results: (+0) (-0)
ROUND COMPLETE | cards: [8 - clubs, J - hearts]
ROUND COMPLETE | final hand: [K - spades, K - diamonds, Q - spades, J - hearts, 8 - clubs]
ROUND COMPLETE | hand value: HandValue.ONE_PAIR
[][][][][][][][][][][][][][][][][][][][][][][][][]

==================================================
Starting Round
==================================================
[DEAL] - 0 [A - hearts, 9 - clubs]
[DEAL] - 1 [5 - spades, 3 - clubs]
[DEAL] - 2 [6 - diamonds, 2 - clubs]
[DEAL] - 3 [4 - diamonds, 2 - diamonds]
[A] 3 | SMALL_BLIND - 125.0 
[TABLE CARDS] - []
[A] 1 | CALL - 250.0 
[A] 2 | CALL - 250.0 
[A] 3 | FOLD - 0 
[A] 0 | CHECK - 0 
[TABLE CARDS] - [A - spades, 7 - clubs, Q - diamonds]
[A] 1 | CHECK - 0 
[A] 2 | BET - 10 
[A] 0 | CALL - 10.0 
[A] 1 | CALL - 10.0 
[TABLE CARDS] - [A - spades, 7 - clubs, Q - diamonds, 9 - diamonds]
[A] 2 | BET - 10 
[A] 0 | CALL - 10.0 
[A] 1 | CALL - 10.0 
[TABLE CARDS] - [A - spades, 7 - clubs, Q - diamonds, 9 - diamonds, 8 - hearts]
[A] 2 | BET - 10 
[A] 0 | CALL - 10.0 
[A] 1 | CALL - 10.0 
[ROUND RESULTS] - [A - spades, 7 - clubs, Q - diamonds, 9 - diamonds, 8 - hearts]
[ROUND RESULTS] - 965.0
~x~ ROUND TERMINATED ~x~
[][][][][][][][][][][][][][][][][][][][][][][][][]
ROUND COMPLETE | player_name: Thomas - (0)
ROUND COMPLETE | bankroll: 2660.0
ROUND COMPLETE | results: (+840.0) (-280.0)
ROUND COMPLETE | cards: [A - hearts, 9 - clubs]
ROUND COMPLETE | final hand: [9 - diamonds, A - spades, A - hearts, 9 - clubs, Q - diamonds]
ROUND COMPLETE | hand value: HandValue.TWO_PAIR
[][][][][][][][][][][][][][][][][][][][][][][][][]

[][][][][][][][][][][][][][][][][][][][][][][][][]
ROUND COMPLETE | player_name: Tim - (1)
ROUND COMPLETE | bankroll: 3320.0
ROUND COMPLETE | results: (+0) (-280.0)
ROUND COMPLETE | cards: [5 - spades, 3 - clubs]
ROUND COMPLETE | final hand: [A - spades, Q - diamonds, 9 - diamonds, 8 - hearts, 7 - clubs]
ROUND COMPLETE | hand value: HandValue.HIGH_CARD
[][][][][][][][][][][][][][][][][][][][][][][][][]

[][][][][][][][][][][][][][][][][][][][][][][][][]
ROUND COMPLETE | player_name: Colm - (2)
ROUND COMPLETE | bankroll: 630.0
ROUND COMPLETE | results: (+0) (-280.0)
ROUND COMPLETE | cards: [6 - diamonds, 2 - clubs]
ROUND COMPLETE | final hand: [A - spades, Q - diamonds, 9 - diamonds, 8 - hearts, 7 - clubs]
ROUND COMPLETE | hand value: HandValue.HIGH_CARD
[][][][][][][][][][][][][][][][][][][][][][][][][]

[][][][][][][][][][][][][][][][][][][][][][][][][]
ROUND COMPLETE | player_name: Cooke - (3)
ROUND COMPLETE | bankroll: 250.0
ROUND COMPLETE | results: (+0) (-0)
ROUND COMPLETE | cards: [4 - diamonds, 2 - diamonds]
ROUND COMPLETE | final hand: [A - spades, Q - diamonds, 9 - diamonds, 8 - hearts, 7 - clubs]
ROUND COMPLETE | hand value: HandValue.HIGH_CARD
[][][][][][][][][][][][][][][][][][][][][][][][][]

==================================================
Starting Round
==================================================
[DEAL] - 0 [8 - spades, 5 - clubs]
[DEAL] - 1 [7 - spades, 7 - hearts]
[DEAL] - 2 [10 - spades, J - clubs]
[DEAL] - 3 [9 - hearts, Q - diamonds]
[A] 0 | SMALL_BLIND - 125.0 
[TABLE CARDS] - []
[A] 2 | CALL - 250.0 
[A] 3 | FOLD - 0 
[A] 0 | CALL - 125.0 
[A] 1 | CHECK - 0 
[TABLE CARDS] - [10 - hearts, 3 - spades, A - hearts]
[A] 2 | BET - 10 
[A] 0 | CALL - 10.0 
[A] 1 | CALL - 10.0 
[TABLE CARDS] - [10 - hearts, 3 - spades, A - hearts, 9 - diamonds]
[A] 2 | BET - 10 
[A] 0 | CALL - 10.0 
[A] 1 | CALL - 10.0 
[TABLE CARDS] - [10 - hearts, 3 - spades, A - hearts, 9 - diamonds, J - hearts]
[A] 2 | BET - 10 
[A] 0 | CALL - 10.0 
[A] 1 | CALL - 10.0 
[ROUND RESULTS] - [10 - hearts, 3 - spades, A - hearts, 9 - diamonds, J - hearts]
[ROUND RESULTS] - 840.0
~x~ ROUND TERMINATED ~x~
[][][][][][][][][][][][][][][][][][][][][][][][][]
ROUND COMPLETE | player_name: Thomas - (0)
ROUND COMPLETE | bankroll: 2380.0
ROUND COMPLETE | results: (+0) (-280.0)
ROUND COMPLETE | cards: [8 - spades, 5 - clubs]
ROUND COMPLETE | final hand: [A - hearts, J - hearts, 10 - hearts, 9 - diamonds, 8 - spades]
ROUND COMPLETE | hand value: HandValue.HIGH_CARD
[][][][][][][][][][][][][][][][][][][][][][][][][]

[][][][][][][][][][][][][][][][][][][][][][][][][]
ROUND COMPLETE | player_name: Tim - (1)
ROUND COMPLETE | bankroll: 3040.0
ROUND COMPLETE | results: (+0) (-280.0)
ROUND COMPLETE | cards: [7 - spades, 7 - hearts]
ROUND COMPLETE | final hand: [7 - spades, 7 - hearts, A - hearts, J - hearts, 10 - hearts]
ROUND COMPLETE | hand value: HandValue.ONE_PAIR
[][][][][][][][][][][][][][][][][][][][][][][][][]

[][][][][][][][][][][][][][][][][][][][][][][][][]
ROUND COMPLETE | player_name: Colm - (2)
ROUND COMPLETE | bankroll: 1190.0
ROUND COMPLETE | results: (+840.0) (-280.0)
ROUND COMPLETE | cards: [10 - spades, J - clubs]
ROUND COMPLETE | final hand: [J - hearts, 10 - hearts, 10 - spades, J - clubs, A - hearts]
ROUND COMPLETE | hand value: HandValue.TWO_PAIR
[][][][][][][][][][][][][][][][][][][][][][][][][]

[][][][][][][][][][][][][][][][][][][][][][][][][]
ROUND COMPLETE | player_name: Cooke - (3)
ROUND COMPLETE | bankroll: 250.0
ROUND COMPLETE | results: (+0) (-0)
ROUND COMPLETE | cards: [9 - hearts, Q - diamonds]
ROUND COMPLETE | final hand: [9 - diamonds, 9 - hearts, A - hearts, Q - diamonds, J - hearts]
ROUND COMPLETE | hand value: HandValue.ONE_PAIR
[][][][][][][][][][][][][][][][][][][][][][][][][]

